            --------------------------------------------------------
                             AMBER SQM VERSION 14
 
                                     By
              Ross C. Walker, Michael F. Crowley, Scott Brozell,
                         Tim Giese, Andreas W. Goetz,
                        Tai-Sung Lee and David A. Case
 
            --------------------------------------------------------
 

--------------------------------------------------------------------------------
  QM CALCULATION INFO
--------------------------------------------------------------------------------

| QMMM: Citation for AMBER QMMM Run:
| QMMM: R.C. Walker, M.F. Crowley and D.A. Case, J. COMP. CHEM. 29:1019, 2008

QMMM: SINGLET STATE CALCULATION
QMMM: RHF CALCULATION, NO. OF DOUBLY OCCUPIED LEVELS = 16

| QMMM: *** Selected Hamiltonian *** 
| QMMM: AM1         

| QMMM: *** Parameter sets in use ***
| QMMM: C : M.J.S.DEWAR et al. JACS, 107, 3902, (1985)
| QMMM: O : M.J.S.DEWAR et al. JACS, 107, 3902, (1985)
| QMMM: H : M.J.S.DEWAR et al. JACS, 107, 3902, (1985)

| QMMM: *** SCF convergence criteria ***
| QMMM: Energy change                :  0.1D-09 kcal/mol
| QMMM: Error matrix |FP-PF|         :  0.1D+00 au
| QMMM: Density matrix change        :  0.1D-09
| QMMM: Maximum number of SCF cycles :      500

| QMMM: *** Diagonalization Routine Information ***
| QMMM: Pseudo diagonalizations are allowed.
| QMMM: Auto diagonalization routine selection is in use.
| QMMM:
| QMMM: Timing diagonalization routines:
| QMMM:                              norbs =       30
| QMMM:    diag iterations used for timing =       20
| QMMM:
| QMMM:              Internal diag routine = 0.004427 seconds
| QMMM:                 Dspev diag routine = 0.008248 seconds
| QMMM:                Dspevd diag routine = 0.008048 seconds
| QMMM:                Dspevx diag routine = 0.023793 seconds
| QMMM:                 Dsyev diag routine = 0.008230 seconds
| QMMM:                Dsyevd diag routine = 0.008026 seconds
| QMMM:                Dsyevr diag routine = 0.006955 seconds
| QMMM:
| QMMM:                Pseudo diag routine = 0.000836 seconds
| QMMM:
| QMMM: Using internal diagonalization routine (diag_routine=1).

  QMMM: QM Region Cartesian Coordinates (*=link atom) 
  QMMM: QM_NO.   MM_NO.  ATOM         X         Y         Z
  QMMM:     1        1      C        0.9900    0.0370   -0.0980
  QMMM:     2        2      C        2.4550   -0.1450   -0.0980
  QMMM:     3        3      O        3.2120    0.9870   -0.1040
  QMMM:     4        4      C        4.5120    0.5940   -0.1040
  QMMM:     5        5      C        4.6000   -0.7780   -0.0980
  QMMM:     6        6      C        3.2690   -1.2580   -0.0950
  QMMM:     7        7      H        0.7190    1.0980   -0.0830
  QMMM:     8        8      H        0.5470   -0.4390    0.7820
  QMMM:     9        9      H        0.5490   -0.4140   -0.9920
  QMMM:    10       10      H        5.2400    1.3930   -0.1080
  QMMM:    11       11      H        5.5120   -1.3580   -0.0970
  QMMM:    12       12      H        2.9400   -2.2880   -0.0900

--------------------------------------------------------------------------------
  RESULTS
--------------------------------------------------------------------------------

      iter         sqm energy              rms gradient
      ----    -------------------    -----------------------
xmin    10       -4.1515 kcal/mol        0.0230 kcal/(mol*A)
xmin    20       -4.1517 kcal/mol        0.0031 kcal/(mol*A)
xmin    30       -4.1528 kcal/mol        0.0063 kcal/(mol*A)
xmin    40       -4.1537 kcal/mol        0.0211 kcal/(mol*A)
xmin    50       -4.1538 kcal/mol        0.0201 kcal/(mol*A)
xmin    60       -4.1538 kcal/mol        0.0298 kcal/(mol*A)
xmin    70       -4.1538 kcal/mol        0.0054 kcal/(mol*A)
xmin    80       -4.1538 kcal/mol        0.0041 kcal/(mol*A)
xmin    90       -4.1538 kcal/mol        0.0041 kcal/(mol*A)
xmin   100       -4.1539 kcal/mol        0.0042 kcal/(mol*A)
xmin   110       -4.1539 kcal/mol        0.0043 kcal/(mol*A)
xmin   120       -4.1539 kcal/mol        0.0044 kcal/(mol*A)
xmin   130       -4.1539 kcal/mol        0.0045 kcal/(mol*A)
xmin   140       -4.1539 kcal/mol        0.0047 kcal/(mol*A)
xmin   150       -4.1539 kcal/mol        0.0048 kcal/(mol*A)
xmin   160       -4.1539 kcal/mol        0.0050 kcal/(mol*A)
xmin   170       -4.1539 kcal/mol        0.0053 kcal/(mol*A)
xmin   180       -4.1539 kcal/mol        0.0057 kcal/(mol*A)
xmin   190       -4.1539 kcal/mol        0.0062 kcal/(mol*A)
xmin   200       -4.1539 kcal/mol        0.0071 kcal/(mol*A)
xmin   210       -4.1539 kcal/mol        0.0093 kcal/(mol*A)
xmin   220       -4.1539 kcal/mol        0.0321 kcal/(mol*A)
xmin   230       -4.1539 kcal/mol        0.0057 kcal/(mol*A)
xmin   240       -4.1539 kcal/mol        0.0056 kcal/(mol*A)
xmin   250       -4.1539 kcal/mol        0.0055 kcal/(mol*A)
xmin   260       -4.1539 kcal/mol        0.0054 kcal/(mol*A)
xmin   270       -4.1539 kcal/mol        0.0054 kcal/(mol*A)
xmin   280       -4.1539 kcal/mol        0.0053 kcal/(mol*A)
xmin   290       -4.1539 kcal/mol        0.0052 kcal/(mol*A)
xmin   300       -4.1539 kcal/mol        0.0051 kcal/(mol*A)
xmin   310       -4.1539 kcal/mol        0.0051 kcal/(mol*A)
xmin   320       -4.1539 kcal/mol        0.0050 kcal/(mol*A)
xmin   330       -4.1539 kcal/mol        0.0049 kcal/(mol*A)
xmin   340       -4.1539 kcal/mol        0.0049 kcal/(mol*A)
xmin   350       -4.1539 kcal/mol        0.0048 kcal/(mol*A)
xmin   360       -4.1539 kcal/mol        0.0047 kcal/(mol*A)
xmin   370       -4.1539 kcal/mol        0.0047 kcal/(mol*A)
xmin   380       -4.1539 kcal/mol        0.0046 kcal/(mol*A)
xmin   390       -4.1539 kcal/mol        0.0045 kcal/(mol*A)
xmin   400       -4.1539 kcal/mol        0.0045 kcal/(mol*A)
xmin   410       -4.1539 kcal/mol        0.0044 kcal/(mol*A)
xmin   420       -4.1539 kcal/mol        0.0043 kcal/(mol*A)
xmin   430       -4.1539 kcal/mol        0.0042 kcal/(mol*A)
xmin   440       -4.1539 kcal/mol        0.0042 kcal/(mol*A)
xmin   450       -4.1539 kcal/mol        0.0041 kcal/(mol*A)
xmin   460       -4.1539 kcal/mol        0.0040 kcal/(mol*A)
xmin   470       -4.1539 kcal/mol        0.0039 kcal/(mol*A)
xmin   480       -4.1539 kcal/mol        0.0039 kcal/(mol*A)
xmin   490       -4.1540 kcal/mol        0.0038 kcal/(mol*A)
xmin   500       -4.1540 kcal/mol        0.0037 kcal/(mol*A)
xmin   510       -4.1540 kcal/mol        0.0036 kcal/(mol*A)
xmin   520       -4.1540 kcal/mol        0.0035 kcal/(mol*A)
xmin   530       -4.1540 kcal/mol        0.0034 kcal/(mol*A)
xmin   540       -4.1540 kcal/mol        0.0033 kcal/(mol*A)
xmin   550       -4.1540 kcal/mol        0.0031 kcal/(mol*A)
xmin   560       -4.1541 kcal/mol        0.0076 kcal/(mol*A)
xmin   570       -4.1541 kcal/mol        0.0083 kcal/(mol*A)
xmin   580       -4.1541 kcal/mol        0.0075 kcal/(mol*A)
xmin   590       -4.1541 kcal/mol        0.0072 kcal/(mol*A)
xmin   600       -4.1541 kcal/mol        0.0093 kcal/(mol*A)
xmin   610       -4.1541 kcal/mol        0.0055 kcal/(mol*A)
xmin   620       -4.1541 kcal/mol        0.0057 kcal/(mol*A)
xmin   630       -4.1541 kcal/mol        0.0062 kcal/(mol*A)
xmin   640       -4.1541 kcal/mol        0.0071 kcal/(mol*A)
xmin   650       -4.1541 kcal/mol        0.0088 kcal/(mol*A)
xmin   660       -4.1541 kcal/mol        0.0229 kcal/(mol*A)
xmin   670       -4.1542 kcal/mol        0.0042 kcal/(mol*A)
xmin   680       -4.1542 kcal/mol        0.0041 kcal/(mol*A)
xmin   690       -4.1542 kcal/mol        0.0040 kcal/(mol*A)
xmin   700       -4.1542 kcal/mol        0.0039 kcal/(mol*A)
xmin   710       -4.1542 kcal/mol        0.0038 kcal/(mol*A)
xmin   720       -4.1542 kcal/mol        0.0037 kcal/(mol*A)
xmin   730       -4.1542 kcal/mol        0.0036 kcal/(mol*A)
xmin   740       -4.1542 kcal/mol        0.0035 kcal/(mol*A)
xmin   750       -4.1542 kcal/mol        0.0034 kcal/(mol*A)
xmin   760       -4.1542 kcal/mol        0.0032 kcal/(mol*A)
xmin   770       -4.1543 kcal/mol        0.0073 kcal/(mol*A)
xmin   780       -4.1543 kcal/mol        0.0087 kcal/(mol*A)
xmin   790       -4.1543 kcal/mol        0.0091 kcal/(mol*A)
xmin   800       -4.1543 kcal/mol        0.0059 kcal/(mol*A)
xmin   810       -4.1543 kcal/mol        0.0064 kcal/(mol*A)
xmin   820       -4.1543 kcal/mol        0.0072 kcal/(mol*A)
xmin   830       -4.1543 kcal/mol        0.0089 kcal/(mol*A)
xmin   840       -4.1543 kcal/mol        0.0211 kcal/(mol*A)
xmin   850       -4.1603 kcal/mol        0.0425 kcal/(mol*A)
xmin   860       -4.1604 kcal/mol        0.0168 kcal/(mol*A)
xmin   870       -4.1604 kcal/mol        0.0106 kcal/(mol*A)
xmin   880       -4.1605 kcal/mol        0.0070 kcal/(mol*A)
xmin   890       -4.1605 kcal/mol        0.0068 kcal/(mol*A)
xmin   900       -4.1605 kcal/mol        0.0067 kcal/(mol*A)
xmin   910       -4.1605 kcal/mol        0.0067 kcal/(mol*A)
xmin   920       -4.1605 kcal/mol        0.0067 kcal/(mol*A)
xmin   930       -4.1605 kcal/mol        0.0067 kcal/(mol*A)
xmin   940       -4.1605 kcal/mol        0.0067 kcal/(mol*A)
xmin   950       -4.1606 kcal/mol        0.0068 kcal/(mol*A)
xmin   960       -4.1606 kcal/mol        0.0069 kcal/(mol*A)
xmin   970       -4.1606 kcal/mol        0.0070 kcal/(mol*A)
xmin   980       -4.1606 kcal/mol        0.0072 kcal/(mol*A)
xmin   990       -4.1606 kcal/mol        0.0073 kcal/(mol*A)
xmin  1000       -4.1606 kcal/mol        0.0075 kcal/(mol*A)
xmin  1000       -4.1606 kcal/mol        0.0077 kcal/(mol*A)
  ... geometry converged !
 
 Final MO eigenvalues (eV):
 -41.5127  -33.3309  -32.4279  -26.8461  -22.1279  -21.0960  -17.6227  -16.1564
 -15.3282  -14.0209  -13.7467  -13.6067  -13.5329  -12.8178  -10.5458   -9.0100
   0.7197    1.7223    2.5889    3.7578    3.9376    4.0666    4.3323    4.3823
   4.5834    4.9304    4.9771    5.2844    5.7392    6.0685

 Heat of formation   =         -4.16058267 kcal/mol  (       -0.18041640 eV)

 Total SCF energy    =     -24027.89575884 kcal/mol  (    -1041.92774636 eV)
 Electronic energy   =     -86621.91496441 kcal/mol  (    -3756.20809871 eV)
 Core-core repulsion =      62594.01920557 kcal/mol  (     2714.28035235 eV)
 
    Atomic Charges for Step       1 :
  Atom    Element       Mulliken Charge
     1      C                 -0.155
     2      C                 -0.040
     3      O                 -0.108
     4      C                 -0.098
     5      C                 -0.196
     6      C                 -0.200
     7      H                  0.101
     8      H                  0.095
     9      H                  0.095
    10      H                  0.188
    11      H                  0.159
    12      H                  0.160
 Total Mulliken Charge =      -0.000
 
                  X        Y        Z     TOTAL  
  QM DIPOLE    -0.222   -0.408    0.023    0.465
 
 Final Structure

  QMMM: QM Region Cartesian Coordinates (*=link atom) 
  QMMM: QM_NO.   MM_NO.  ATOM         X         Y         Z
  QMMM:     1        1      C        0.9792    0.0349   -0.1026
  QMMM:     2        2      C        2.4310   -0.1532   -0.0954
  QMMM:     3        3      O        3.2076    1.0116   -0.1834
  QMMM:     4        4      C        4.5403    0.6017   -0.1675
  QMMM:     5        5      C        4.6165   -0.7723   -0.0720
  QMMM:     6        6      C        3.2561   -1.2604   -0.0250
  QMMM:     7        7      H        0.7139    1.0886    0.1626
  QMMM:     8        8      H        0.5025   -0.6575    0.6348
  QMMM:     9        9      H        0.5693   -0.1884   -1.1204
  QMMM:    10       10      H        5.2588    1.4129   -0.2305
  QMMM:    11       11      H        5.5108   -1.3872   -0.0372
  QMMM:    12       12      H        2.9589   -2.3017    0.0518

           --------- Calculation Completed ----------

