            --------------------------------------------------------
                             AMBER SQM VERSION 14
 
                                     By
              Ross C. Walker, Michael F. Crowley, Scott Brozell,
                         Tim Giese, Andreas W. Goetz,
                        Tai-Sung Lee and David A. Case
 
            --------------------------------------------------------
 

--------------------------------------------------------------------------------
  QM CALCULATION INFO
--------------------------------------------------------------------------------

| QMMM: Citation for AMBER QMMM Run:
| QMMM: R.C. Walker, M.F. Crowley and D.A. Case, J. COMP. CHEM. 29:1019, 2008

QMMM: SINGLET STATE CALCULATION
QMMM: RHF CALCULATION, NO. OF DOUBLY OCCUPIED LEVELS =  7

| QMMM: *** Selected Hamiltonian *** 
| QMMM: AM1         

| QMMM: *** Parameter sets in use ***
| QMMM: C : M.J.S.DEWAR et al. JACS, 107, 3902, (1985)
| QMMM: O : M.J.S.DEWAR et al. JACS, 107, 3902, (1985)
| QMMM: H : M.J.S.DEWAR et al. JACS, 107, 3902, (1985)

| QMMM: *** SCF convergence criteria ***
| QMMM: Energy change                :  0.1D-09 kcal/mol
| QMMM: Error matrix |FP-PF|         :  0.1D+00 au
| QMMM: Density matrix change        :  0.1D-09
| QMMM: Maximum number of SCF cycles :      500

| QMMM: *** Diagonalization Routine Information ***
| QMMM: Pseudo diagonalizations are allowed.
| QMMM: Auto diagonalization routine selection is in use.
| QMMM:
| QMMM: Timing diagonalization routines:
| QMMM:                              norbs =       12
| QMMM:    diag iterations used for timing =       20
| QMMM:
| QMMM:              Internal diag routine = 0.000725 seconds
| QMMM:                 Dspev diag routine = 0.001283 seconds
| QMMM:                Dspevd diag routine = 0.001255 seconds
| QMMM:                Dspevx diag routine = 0.004019 seconds
| QMMM:                 Dsyev diag routine = 0.001271 seconds
| QMMM:                Dsyevd diag routine = 0.001286 seconds
| QMMM:                Dsyevr diag routine = 0.001441 seconds
| QMMM:
| QMMM:                Pseudo diag routine = 0.000129 seconds
| QMMM:
| QMMM: Using internal diagonalization routine (diag_routine=1).

  QMMM: QM Region Cartesian Coordinates (*=link atom) 
  QMMM: QM_NO.   MM_NO.  ATOM         X         Y         Z
  QMMM:     1        1      C        0.9970   -0.0830    0.0560
  QMMM:     2        2      O        2.4130   -0.0920    0.0600
  QMMM:     3        3      H        0.6360    0.3130   -0.8960
  QMMM:     4        4      H        0.6340    0.5340    0.8820
  QMMM:     5        5      H        0.6360   -1.1070    0.1830
  QMMM:     6        6      H        2.7040    0.8290   -0.0540

--------------------------------------------------------------------------------
  RESULTS
--------------------------------------------------------------------------------

  ... geometry converged !
 
 Final MO eigenvalues (eV):
 -37.8408  -26.9821  -18.2797  -15.4479  -15.2888  -12.4947  -11.1351    3.7779
   4.0893    4.2299    4.5222    6.2444

 Heat of formation   =        -57.06667746 kcal/mol  (       -2.47459683 eV)

 Total SCF energy    =     -11622.87974580 kcal/mol  (     -504.00588638 eV)
 Electronic energy   =     -24674.97221532 kcal/mol  (    -1069.98708709 eV)
 Core-core repulsion =      13052.09246952 kcal/mol  (      565.98120071 eV)
 
    Atomic Charges for Step       1 :
  Atom    Element       Mulliken Charge
     1      C                 -0.073
     2      O                 -0.326
     3      H                  0.053
     4      H                  0.053
     5      H                  0.098
     6      H                  0.195
 Total Mulliken Charge =      -0.000
 
                  X        Y        Z     TOTAL  
  QM DIPOLE    -1.033    1.240   -0.155    1.621
 
 Final Structure

  QMMM: QM Region Cartesian Coordinates (*=link atom) 
  QMMM: QM_NO.   MM_NO.  ATOM         X         Y         Z
  QMMM:     1        1      C        0.9977   -0.0669    0.0544
  QMMM:     2        2      O        2.4077   -0.1012    0.0609
  QMMM:     3        3      H        0.6118    0.3312   -0.9172
  QMMM:     4        4      H        0.6090    0.5566    0.8980
  QMMM:     5        5      H        0.6790   -1.1315    0.1861
  QMMM:     6        6      H        2.7149    0.8058   -0.0513

           --------- Calculation Completed ----------

